{
  "RSpec": {
    "coverage": {
      "/Users/rafaeloelmann/Projects/week_5/makersbnb/spec/database_connection_spec.rb": {
        "lines": [
          1,
          1,
          1,
          1,
          1,
          1,
          null,
          null,
          1,
          1,
          1,
          1,
          1,
          null,
          null,
          null
        ]
      },
      "/Users/rafaeloelmann/Projects/week_5/makersbnb/spec/features/creating_homes_spec.rb": {
        "lines": [
          1,
          null,
          1,
          1,
          1,
          1,
          1,
          1,
          1,
          null,
          1,
          1,
          null,
          null,
          1,
          1,
          1,
          1,
          1,
          1,
          1,
          1,
          1,
          1,
          0,
          0,
          0,
          null,
          null
        ]
      },
      "/Users/rafaeloelmann/Projects/week_5/makersbnb/spec/database_helpers.rb": {
        "lines": [
          1,
          1,
          0,
          0,
          0,
          null,
          null,
          1,
          2,
          2,
          2,
          2,
          2,
          null
        ]
      },
      "/Users/rafaeloelmann/Projects/week_5/makersbnb/spec/features/signing_up_spec.rb": {
        "lines": [
          1,
          null,
          1,
          1,
          1,
          1,
          1,
          1,
          1,
          null,
          1,
          null,
          null
        ]
      },
      "/Users/rafaeloelmann/Projects/week_5/makersbnb/spec/features/test_confirmation_spec.rb": {
        "lines": [
          1,
          null,
          1,
          1,
          1,
          1,
          null,
          null
        ]
      },
      "/Users/rafaeloelmann/Projects/week_5/makersbnb/spec/features/viewing_homes_spec.rb": {
        "lines": [
          1,
          1,
          1,
          null,
          1,
          null,
          null
        ]
      },
      "/Users/rafaeloelmann/Projects/week_5/makersbnb/spec/home_spec.rb": {
        "lines": [
          1,
          1,
          1,
          1,
          1,
          null,
          1,
          null,
          1,
          1,
          1,
          null,
          null
        ]
      },
      "/Users/rafaeloelmann/Projects/week_5/makersbnb/spec/user_spec.rb": {
        "lines": [
          1,
          null,
          1,
          null,
          1,
          1,
          null,
          1,
          null,
          1,
          1,
          null,
          null,
          1,
          1,
          1,
          null,
          null,
          null,
          null
        ]
      }
    },
    "timestamp": 1606319450
  }
}
